2022-08-17 13:00:17,650 general - INFO - User exists 1488177812087398405 - 139765207619392
2022-08-17 13:00:17,713 general - INFO - User exists 4322729656 - 139765207619392
2022-08-17 13:00:18,882 general - INFO - User exists 1321592384036261888 - 139765207619392
2022-08-17 13:00:20,539 general - INFO - User exists 3282811051 - 139765207619392
2022-08-17 13:00:20,601 general - INFO - User exists 1373550313228091394 - 139765207619392
2022-08-17 13:00:21,752 general - INFO - User exists 1488556264108040192 - 139765207619392
2022-08-17 13:00:21,817 general - INFO - User exists 463316121 - 139765207619392
2022-08-17 13:00:24,758 general - INFO - User exists 1340401506831491072 - 139765207619392
2022-08-17 13:00:24,805 general - INFO - User exists 390060177 - 139765207619392
2022-08-17 13:00:26,183 general - INFO - User exists 907677599530446849 - 139765207619392
2022-08-17 13:00:28,360 general - INFO - User exists 481160058 - 139765207619392
2022-08-17 13:00:28,510 general - INFO - User exists 471291403 - 139765207619392
2022-08-17 13:00:29,908 general - INFO - User exists 2216416036 - 139765207619392
2022-08-17 13:00:29,987 general - INFO - User exists 718161560 - 139765207619392
2022-08-17 13:00:30,142 general - INFO - User exists 1250984876 - 139765207619392
2022-08-17 13:00:30,205 general - INFO - User exists 1438871650766921733 - 139765207619392
2022-08-17 13:00:30,263 general - INFO - User exists 1199956100004634624 - 139765207619392
2022-08-17 13:00:32,085 general - INFO - User exists 366819917 - 139765207619392
2022-08-17 13:00:32,134 general - INFO - User exists 2444920593 - 139765207619392
2022-08-17 13:00:32,212 general - INFO - User exists 759775919460319233 - 139765207619392
2022-08-17 13:00:32,318 general - INFO - User exists 1342071298764234753 - 139765207619392
2022-08-17 13:00:34,161 general - INFO - User exists 833784434 - 139765207619392
2022-08-17 13:00:34,231 general - INFO - User exists 1450409137247035395 - 139765207619392
2022-08-17 13:00:34,348 general - INFO - User exists 2981037288 - 139765207619392
2022-08-17 13:00:36,138 general - INFO - User exists 1901663838 - 139765207619392
2022-08-17 13:00:38,033 general - INFO - User exists 1577814511 - 139765207619392
2022-08-17 13:00:38,140 general - INFO - User exists 916747400009699328 - 139765207619392
2022-08-17 13:00:38,246 general - INFO - User exists 1361283998824214530 - 139765207619392
2022-08-17 13:00:38,347 general - INFO - User exists 560901668 - 139765207619392
2022-08-17 13:00:40,865 general - INFO - User exists 362841721 - 139765207619392
2022-08-17 13:00:41,070 general - INFO - User exists 250554738 - 139765207619392
2022-08-17 13:00:43,481 general - INFO - User exists 468816391 - 139765207619392
2022-08-17 13:00:43,647 general - INFO - User exists 464939569 - 139765207619392
2022-08-17 13:15:25,637 general - INFO - User exists 2210772802 - 139765207619392
2022-08-17 13:15:25,761 general - INFO - User exists 913148546995691520 - 139765207619392
2022-08-17 13:15:25,975 general - INFO - User exists 844664578541805568 - 139765207619392
2022-08-17 13:15:26,089 general - INFO - User exists 2450593744 - 139765207619392
2022-08-17 13:15:26,229 general - INFO - User exists 821042956652150785 - 139765207619392
2022-08-17 13:15:29,232 general - INFO - Processing 729635323—adel_aljamaan - 139765207619392
2022-08-17 13:15:30,085 general - INFO - Processing 466643468—BinQaid - 139765207619392
2022-08-17 13:15:30,822 general - INFO - Processing 960958520—d_tlasy - 139765207619392
2022-08-17 13:15:31,566 general - INFO - Processing 907743961653145600—ghazi_almutair1 - 139765207619392
2022-08-17 13:16:03,141 general - INFO - Processing 203464987—rashedkumait - 139765207619392
2022-08-17 13:16:03,312 general - INFO - User exists 1038557815277846529 - 139765207619392
2022-08-17 13:16:03,457 general - INFO - User exists 1463225204742803462 - 139765207619392
2022-08-17 13:16:03,616 general - INFO - User exists 300039629 - 139765207619392
2022-08-17 13:16:03,772 general - INFO - User exists 36884066 - 139765207619392
2022-08-17 13:16:34,908 general - INFO - User exists 2219396827 - 139765207619392
2022-08-17 13:16:35,050 general - INFO - User exists 62204620 - 139765207619392
2022-08-17 13:16:37,699 general - INFO - User exists 4452055655 - 139765207619392
2022-08-17 13:16:41,686 general - INFO - User exists 778293695481282564 - 139765207619392
2022-08-17 13:16:41,812 general - INFO - User exists 1488925691412455424 - 139765207619392
2022-08-17 13:16:42,022 general - INFO - User exists 1485582987534213123 - 139765207619392
2022-08-17 13:16:42,293 general - INFO - User exists 1272966826385969153 - 139765207619392
2022-08-17 13:16:45,209 general - INFO - User exists 556085485 - 139765207619392
2022-08-17 13:16:45,365 general - INFO - User exists 581663340 - 139765207619392
2022-08-17 13:16:45,660 general - INFO - User exists 1844067260 - 139765207619392
2022-08-17 13:16:52,696 general - INFO - User exists 1457629504336285700 - 139765207619392
2022-08-17 13:16:55,827 general - INFO - User exists 360021386 - 139765207619392
2022-08-17 13:16:55,997 general - INFO - User exists 370144923 - 139765207619392
2022-08-17 13:16:59,338 general - INFO - User exists 243626818 - 139765207619392
2022-08-17 13:16:59,494 general - INFO - User exists 1276592207185747969 - 139765207619392
2022-08-17 13:16:59,799 general - INFO - User exists 467723240 - 139765207619392
2022-08-17 13:17:02,821 general - INFO - User exists 219965310 - 139765207619392
2022-08-17 13:17:07,210 general - INFO - User exists 364634113 - 139765207619392
2022-08-17 13:17:09,555 general - INFO - User exists 1366787982 - 139765207619392
2022-08-17 13:30:28,271 general - INFO - User exists 971643076132458496 - 139765207619392
2022-08-17 13:30:30,054 general - INFO - User exists 1674174121 - 139765207619392
2022-08-17 13:30:30,363 general - INFO - User exists 742012541455499264 - 139765207619392
2022-08-17 13:30:30,574 general - INFO - User exists 193235125 - 139765207619392
2022-08-17 13:30:30,749 general - INFO - User exists 2243426026 - 139765207619392
2022-08-17 13:30:31,032 general - INFO - User exists 229353282 - 139765207619392
2022-08-17 13:30:33,873 general - INFO - User exists 1721683765 - 139765207619392
2022-08-17 13:30:34,085 general - INFO - User exists 1696631076 - 139765207619392
2022-08-17 13:30:35,661 general - INFO - User exists 3222884316 - 139765207619392
2022-08-17 13:30:37,427 general - INFO - User exists 1243529592 - 139765207619392
2022-08-17 13:30:37,638 general - INFO - User exists 474196102 - 139765207619392
2022-08-17 13:30:37,865 general - INFO - User exists 309772371 - 139765207619392
2022-08-17 13:30:38,141 general - INFO - User exists 1553776200 - 139765207619392
2022-08-17 13:30:42,303 general - INFO - User exists 2868719227 - 139765207619392
2022-08-17 13:30:44,990 general - INFO - User exists 491296245 - 139765207619392
2022-08-17 13:30:45,241 general - INFO - User exists 3778396217 - 139765207619392
2022-08-17 13:30:47,821 general - INFO - User exists 821486167 - 139765207619392
2022-08-17 13:30:48,040 general - INFO - User exists 412090006 - 139765207619392
2022-08-17 13:30:48,457 general - INFO - User exists 494201867 - 139765207619392
2022-08-17 13:30:48,804 general - INFO - User exists 2266154233 - 139765207619392
2022-08-17 13:30:50,947 general - INFO - User exists 1100140872358916098 - 139765207619392
2022-08-17 13:30:51,275 general - INFO - User exists 597261951 - 139765207619392
2022-08-17 13:30:51,520 general - INFO - User exists 481374497 - 139765207619392
2022-08-17 13:30:53,647 general - INFO - User exists 356468070 - 139765207619392
2022-08-17 13:45:28,450 general - INFO - User exists 1088766524331036672 - 139765207619392
2022-08-17 13:45:28,701 general - INFO - User exists 1313369317178826754 - 139765207619392
2022-08-17 13:45:30,707 general - INFO - User exists 745548955304370176 - 139765207619392
2022-08-17 13:45:30,984 general - INFO - User exists 2756370170 - 139765207619392
2022-08-17 13:45:31,438 general - INFO - User exists 4039804033 - 139765207619392
2022-08-17 13:45:33,864 general - INFO - User exists 1229743692866637825 - 139765207619392
2022-08-17 13:45:36,883 general - INFO - User exists 3262776096 - 139765207619392
2022-08-17 13:45:37,188 general - INFO - User exists 1301397603603689473 - 139765207619392
2022-08-17 13:45:37,468 general - INFO - User exists 279796216 - 139765207619392
2022-08-17 13:45:40,094 general - INFO - User exists 40904912 - 139765207619392
2022-08-17 13:45:43,255 general - INFO - User exists 1224191682314371074 - 139765207619392
2022-08-17 13:45:43,561 general - INFO - User exists 1183695482138349568 - 139765207619392
2022-08-17 13:45:43,909 general - INFO - User exists 1028970387034591233 - 139765207619392
2022-08-17 13:45:49,722 general - INFO - User exists 1683846926 - 139765207619392
2022-08-17 13:45:54,655 general - INFO - User exists 461558983 - 139765207619392
2022-08-17 13:45:56,941 general - INFO - User exists 3164103444 - 139765207619392
2022-08-17 13:45:57,386 general - INFO - User exists 495105362 - 139765207619392
2022-08-17 13:45:59,676 general - INFO - User exists 393404027 - 139765207619392
2022-08-17 13:46:00,011 general - INFO - User exists 1296476604231753728 - 139765207619392
2022-08-17 13:46:00,328 general - INFO - User exists 1267899109 - 139765207619392
2022-08-17 13:46:02,432 general - INFO - User exists 3236596755 - 139765207619392
2022-08-17 13:46:06,304 general - INFO - User exists 1172305226079956992 - 139765207619392
2022-08-17 13:46:06,613 general - INFO - User exists 1363781176771624960 - 139765207619392
2022-08-17 13:46:06,981 general - INFO - User exists 2163700875 - 139765207619392
2022-08-17 13:46:07,291 general - INFO - User exists 392891250 - 139765207619392
2022-08-17 14:00:33,272 general - INFO - User exists 450209698 - 139765207619392
2022-08-17 14:00:36,307 general - INFO - User exists 3077783538 - 139765207619392
2022-08-17 14:00:36,714 general - INFO - User exists 4260765850 - 139765207619392
2022-08-17 14:00:37,123 general - INFO - User exists 930141049976213504 - 139765207619392
2022-08-17 14:00:39,669 general - INFO - User exists 1313373435062558725 - 139765207619392
2022-08-17 14:00:42,674 general - INFO - User exists 1176539543094407168 - 139765207619392
2022-08-17 14:00:43,005 general - INFO - User exists 1700819047 - 139765207619392
2022-08-17 14:00:43,362 general - INFO - User exists 825619062436855808 - 139765207619392
2022-08-17 14:00:46,081 general - INFO - User exists 1244703058745049088 - 139765207619392
2022-08-17 14:00:46,506 general - INFO - User exists 571627076 - 139765207619392
2022-08-17 14:00:50,938 general - INFO - User exists 1261715671387439106 - 139765207619392
2022-08-17 14:00:58,582 general - INFO - User exists 2864632193 - 139765207619392
2022-08-17 14:00:58,959 general - INFO - User exists 1203640546629226496 - 139765207619392
2022-08-17 14:00:59,298 general - INFO - User exists 1301139027719065602 - 139765207619392
2022-08-17 14:01:02,379 general - INFO - User exists 1079694325301346304 - 139765207619392
2022-08-17 14:15:57,636 general - INFO - User exists 394610492 - 139765207619392
2022-08-17 14:16:04,087 general - INFO - User exists 1252364845808222208 - 139765207619392
2022-08-17 14:16:04,438 general - INFO - User exists 1274660379403190273 - 139765207619392
2022-08-17 14:30:36,743 general - INFO - User exists 742818415518355456 - 139765207619392
2022-08-17 14:30:39,603 general - INFO - User exists 541594474 - 139765207619392
2022-08-17 14:30:40,018 general - INFO - User exists 1253413630495780864 - 139765207619392
2022-08-17 14:30:40,377 general - INFO - User exists 191285296 - 139765207619392
2022-08-17 14:30:42,613 general - INFO - User exists 2855298930 - 139765207619392
2022-08-17 14:30:42,995 general - INFO - User exists 1241681936457793536 - 139765207619392
2022-08-17 14:30:45,402 general - INFO - User exists 1196007123429330945 - 139765207619392
2022-08-17 14:30:47,637 general - INFO - User exists 1254514161708564480 - 139765207619392
2022-08-17 14:30:50,503 general - INFO - User exists 718801496 - 139765207619392
2022-08-17 14:30:53,351 general - INFO - User exists 908253737403248641 - 139765207619392
2022-08-17 14:30:53,727 general - INFO - User exists 431035045 - 139765207619392
2022-08-17 14:30:54,113 general - INFO - User exists 1387147921 - 139765207619392
2022-08-17 14:30:54,488 general - INFO - User exists 2902805030 - 139765207619392
2022-08-17 14:30:54,883 general - INFO - User exists 2199076826 - 139765207619392
2022-08-17 14:30:55,425 general - INFO - User exists 835842235463843841 - 139765207619392
2022-08-17 14:30:58,888 general - INFO - User exists 1086206231876902912 - 139765207619392
2022-08-17 14:30:59,433 general - INFO - User exists 1159035222215802880 - 139765207619392
2022-08-17 14:31:02,657 general - INFO - User exists 857178413521666048 - 139765207619392
2022-08-17 14:31:03,049 general - INFO - User exists 723757824128503808 - 139765207619392
2022-08-17 14:31:10,035 general - INFO - User exists 1181640933537931265 - 139765207619392
2022-08-17 14:31:12,776 general - INFO - User exists 1171432579276238848 - 139765207619392
2022-08-17 14:45:35,354 general - INFO - User exists 2744318221 - 139765207619392
2022-08-17 14:45:35,833 general - INFO - User exists 844095813945098240 - 139765207619392
2022-08-17 14:45:38,115 general - INFO - User exists 1207325274330845184 - 139765207619392
2022-08-17 14:45:38,534 general - INFO - User exists 1084356264421982208 - 139765207619392
2022-08-17 14:45:38,956 general - INFO - User exists 484500173 - 139765207619392
2022-08-17 14:45:41,357 general - INFO - User exists 1069001218285060098 - 139765207619392
2022-08-17 14:45:46,126 general - INFO - User exists 4208361395 - 139765207619392
2022-08-17 14:45:57,345 general - INFO - User exists 517051988 - 139765207619392
2022-08-17 14:45:57,891 general - INFO - User exists 2725554732 - 139765207619392
2022-08-17 14:46:00,144 general - INFO - User exists 1160308313126514688 - 139765207619392
2022-08-17 14:46:03,120 general - INFO - User exists 703628844 - 139765207619392
2022-08-17 14:46:07,022 general - INFO - User exists 788400618 - 139765207619392
2022-08-17 14:46:10,718 general - INFO - User exists 923285744751439874 - 139765207619392
2022-08-17 14:46:11,156 general - INFO - User exists 831105388468633600 - 139765207619392
