2022-08-17 17:39:25,912 general - INFO - Processing 509500686—m_a_algarni509 - 140436533344064
2022-08-17 17:39:25,956 general - INFO - User exists 1488177812087398405 - 140436533344064
2022-08-17 17:39:26,008 general - INFO - User exists 4322729656 - 140436533344064
2022-08-17 17:40:00,224 general - INFO - User exists 1321592384036261888 - 140436533344064
2022-08-17 17:40:01,068 general - INFO - Processing 807748982—bandaralabdulka - 140436533344064
2022-08-17 17:40:01,819 general - INFO - Processing 397274298—fateel3 - 140436533344064
2022-08-17 17:40:38,234 general - INFO - Processing 4132904534—InstaShopUAE - 140436533344064
2022-08-17 17:40:38,969 general - INFO - Processing 130717434—K_Albaker - 140436533344064
2022-08-17 17:40:39,024 general - INFO - User exists 3282811051 - 140436533344064
2022-08-17 17:40:39,063 general - INFO - User exists 1373550313228091394 - 140436533344064
2022-08-17 17:40:39,820 general - INFO - Processing 2755609043—moabdulbasit - 140436533344064
2022-08-17 17:41:16,357 general - INFO - User exists 1488556264108040192 - 140436533344064
2022-08-17 17:41:16,395 general - INFO - User exists 463316121 - 140436533344064
2022-08-17 17:41:17,155 general - INFO - Processing 1223745842198216706—drahmedshehri3 - 140436533344064
2022-08-17 17:41:17,998 general - INFO - Processing 1322331398808702977—waleedkhanfoor - 140436533344064
2022-08-17 17:41:52,888 general - INFO - Processing 814925534—AbuDhabiPOP - 140436533344064
2022-08-17 17:41:53,856 general - INFO - Processing 43356669—bampen - 140436533344064
2022-08-17 17:42:42,483 general - INFO - Processing 311399231—azizf111 - 140436533344064
2022-08-17 17:42:43,368 general - INFO - Processing 2984632442—KhalilAltheyabi - 140436533344064
2022-08-17 17:42:43,409 general - INFO - User exists 1340401506831491072 - 140436533344064
2022-08-17 17:42:43,469 general - INFO - User exists 390060177 - 140436533344064
2022-08-17 17:42:44,381 general - INFO - Processing 3128467766—Saleh_Hilayel - 140436533344064
2022-08-17 17:43:20,788 general - INFO - Processing 1533925677136748546—HawyiaPodcast - 140436533344064
2022-08-17 17:43:20,830 general - INFO - User exists 907677599530446849 - 140436533344064
2022-08-17 17:43:21,615 general - INFO - Processing 913375204440772608—hmzah567 - 140436533344064
2022-08-17 17:43:22,385 general - INFO - Processing 2358177340—BrhmVG - 140436533344064
2022-08-17 17:43:23,161 general - INFO - Processing 1214261678268792833—MaduAbdullah - 140436533344064
2022-08-17 17:43:23,980 general - INFO - Processing 727448059853025281—PetrolatStation - 140436533344064
2022-08-17 17:44:03,166 general - INFO - User exists 481160058 - 140436533344064
2022-08-17 17:44:04,002 general - INFO - Processing 2394749091—Anas_S_Alrajhi - 140436533344064
2022-08-17 17:44:04,835 general - INFO - Processing 56656898—Ahmostafah - 140436533344064
2022-08-17 17:44:05,843 general - INFO - Processing 2366402200—fsan3161 - 140436533344064
2022-08-17 17:44:06,721 general - INFO - Processing 352050719—k89vip - 140436533344064
2022-08-17 17:44:07,562 general - INFO - Processing 216569148—HashemDagh - 140436533344064
2022-08-17 17:44:45,534 general - INFO - User exists 471291403 - 140436533344064
2022-08-17 17:44:46,405 general - INFO - Processing 495431087—saadalgrmool - 140436533344064
2022-08-17 17:44:46,468 general - INFO - User exists 2216416036 - 140436533344064
2022-08-17 17:44:46,513 general - INFO - User exists 718161560 - 140436533344064
2022-08-17 17:44:47,370 general - INFO - Processing 267775806—sara_almadani_ - 140436533344064
2022-08-17 17:44:48,199 general - INFO - Processing 1518854500215410689—ur2d_ - 140436533344064
2022-08-17 17:44:49,038 general - INFO - Processing 4875763654—hospitals_care - 140436533344064
2022-08-17 17:44:49,858 general - INFO - Processing 1235968656439468034—saeed_nassir - 140436533344064
2022-08-17 17:44:49,945 general - INFO - User exists 1250984876 - 140436533344064
2022-08-17 17:44:50,772 general - INFO - Processing 209622611—EngM_Alolayan - 140436533344064
2022-08-17 17:44:50,818 general - INFO - User exists 1438871650766921733 - 140436533344064
2022-08-17 17:44:50,870 general - INFO - User exists 1199956100004634624 - 140436533344064
2022-08-17 17:45:29,869 general - INFO - Processing 1235884087036063745—naifal_5 - 140436533344064
2022-08-17 17:45:29,930 general - INFO - User exists 366819917 - 140436533344064
2022-08-17 17:45:30,842 general - INFO - Processing 296210607—FaisalAl_Ahmari - 140436533344064
2022-08-17 17:45:31,713 general - INFO - Processing 1080441906042155009—SAFAINV - 140436533344064
2022-08-17 17:45:31,759 general - INFO - User exists 2444920593 - 140436533344064
2022-08-17 17:45:32,757 general - INFO - Processing 1254828224519045124—one1_group - 140436533344064
2022-08-17 17:45:32,822 general - INFO - User exists 759775919460319233 - 140436533344064
2022-08-17 17:45:33,730 general - INFO - Processing 1311296067217117184—getbaraka - 140436533344064
2022-08-17 17:45:34,642 general - INFO - Processing 554492420—afhuraish - 140436533344064
2022-08-17 17:45:34,736 general - INFO - User exists 1342071298764234753 - 140436533344064
2022-08-17 17:46:04,689 general - INFO - Processing 703180362—humaidfakher - 140436533344064
2022-08-17 17:46:05,554 general - INFO - Processing 1493519561278521344—AeAgda - 140436533344064
2022-08-17 17:46:05,637 general - INFO - User exists 833784434 - 140436533344064
2022-08-17 17:46:05,695 general - INFO - User exists 1450409137247035395 - 140436533344064
2022-08-17 17:46:05,884 general - INFO - User exists 2981037288 - 140436533344064
2022-08-17 17:46:46,280 general - INFO - User exists 1901663838 - 140436533344064
2022-08-17 17:46:47,203 general - INFO - Processing 248111442—fouziaa7 - 140436533344064
2022-08-17 17:46:48,177 general - INFO - Processing 1515972453868216321—Saudiwera_care - 140436533344064
2022-08-17 17:46:48,740 general - ERROR - USER ID 1515972453868216321
........
documents must be a non-empty list
........
 - 140431304046144
2022-08-17 17:46:49,197 general - INFO - Processing 1461295944650133504—alhigab502 - 140436533344064
2022-08-17 17:46:50,235 general - INFO - Processing 1283002228148666368—Maaz_STARZPLAY - 140436533344064
2022-08-17 17:46:51,288 general - INFO - Processing 897779220537110529—HEF_KSA - 140436533344064
2022-08-17 17:46:52,633 general - INFO - Processing 450777038—expert_55 - 140436533344064
2022-08-17 17:47:28,556 general - INFO - Processing 1401779448127672321—kosai_sa - 140436533344064
2022-08-17 17:47:28,712 general - INFO - User exists 1577814511 - 140436533344064
2022-08-17 17:47:29,778 general - INFO - Processing 424230721—sbnahayan90 - 140436533344064
2022-08-17 17:47:30,844 general - INFO - Processing 439095172—jailanishaiq - 140436533344064
2022-08-17 17:47:31,811 general - INFO - Processing 322196918—Abdulraman9 - 140436533344064
2022-08-17 17:47:32,747 general - INFO - Processing 823162934373318657—amal222424 - 140436533344064
2022-08-17 17:47:32,831 general - INFO - User exists 916747400009699328 - 140436533344064
2022-08-17 17:47:32,946 general - INFO - User exists 1361283998824214530 - 140436533344064
2022-08-17 17:47:33,913 general - INFO - Processing 1388492696873062401—Damacorpglobal - 140436533344064
2022-08-17 17:47:34,809 general - INFO - Processing 387820385—Misss2030 - 140436533344064
2022-08-17 17:47:35,114 general - INFO - User exists 560901668 - 140436533344064
